[2026-04-20T12:28:25.769Z] [70] https://es.wallapop.com/item/ramoncin-y-w-c-barriobajero-lp-cds-1254270271 ┬╖ 45тВм тЖТ 77.73тВм ┬╖ +14.87тВм
[2026-04-20T12:29:20.091Z] [90] https://es.wallapop.com/item/vinilo-lp-the-beatles-1982-canciones-de-amor-1254245995 ┬╖ 12тВм тЖТ 55.24тВм ┬╖ +28.96тВм
[2026-04-20T12:49:15.093Z] [90] https://es.wallapop.com/item/funko-pop-2236-enel-one-piece-funko-edition-1254219606 ┬╖ 15.95тВм тЖТ 52.15тВм ┬╖ +22.41тВм
[2026-04-20T12:49:41.825Z] [95] https://es.wallapop.com/item/funko-pop-sung-jinwoo-1982-solo-leveling-1254085322 ┬╖ 16тВм тЖТ 58.19тВм ┬╖ +27.44тВм
[2026-04-20T16:20:20.599Z] [80] https://es.wallapop.com/item/funko-pop-1680-aki-hayakawa-chainsaw-man-1254351371 ┬╖ 12тВм тЖТ 31.39тВм ┬╖ +8.9тВм
[2026-04-20T16:20:54.561Z] [85] https://es.wallapop.com/item/funko-pop-398-vinsmoke-sanji-one-piece-1254336867 ┬╖ 12тВм тЖТ 35.66тВм ┬╖ +12.49тВм
[2026-04-20T16:20:57.700Z] [70] https://es.wallapop.com/item/funko-pop-1913-sakazuki-one-piece-1254335964 ┬╖ 20тВм тЖТ 40.74тВм ┬╖ +8.76тВм
[2026-04-20T16:22:08.832Z] [80] https://es.wallapop.com/item/pokemon-rubi-omega-caja-1254355001 ┬╖ 15тВм тЖТ 42.99тВм ┬╖ +15.65тВм
[2026-04-20T16:22:12.927Z] [95] https://es.wallapop.com/item/giochi-nintendo-switch-in-lotto-1254354780 ┬╖ 49.9тВм тЖТ 97.8тВм ┬╖ +26.85тВм
[2026-04-20T17:37:45.842Z] [70] https://es.wallapop.com/item/nintendo-switch-negra-y-roja-1254382531 ┬╖ 110тВм тЖТ 174.41тВм ┬╖ +31.18тВм
[2026-04-20T17:37:56.761Z] [65] https://es.wallapop.com/item/pack-gunvolt-1-y-2-nintendo-switch-1254381704 ┬╖ 35тВм тЖТ 63.1тВм ┬╖ +12.57тВм
[2026-04-20T17:38:30.144Z] [95] https://es.wallapop.com/item/flashback-collector-s-edition-switch-1254376386 ┬╖ 20тВм тЖТ 64.79тВм ┬╖ +28.99тВм
[2026-04-20T18:44:34.129Z] [95] https://es.wallapop.com/item/funda-oficial-nintendo-switch-negra-como-nueva-1254407965 ┬╖ 15тВм тЖТ 132тВм ┬╖ +90.51тВм
[2026-04-20T19:49:55.405Z] [90] https://es.wallapop.com/item/caja-nintendo-switch-oled-mario-kart-8-deluxe-1254428667 ┬╖ 25тВм тЖТ 125.33тВм ┬╖ +74.9тВм
[2026-04-20T20:27:39.631Z] [90] https://es.wallapop.com/item/caja-nintendo-switch-oled-mario-kart-8-deluxe-1254428667 ┬╖ 25тВм тЖТ 125.33тВм ┬╖ +74.9тВм
[2026-04-20T20:59:58.317Z] [90] https://es.wallapop.com/item/caja-nintendo-switch-oled-mario-kart-8-deluxe-1254428667 ┬╖ 25тВм тЖТ 125.33тВм ┬╖ +74.9тВм
[2026-04-21T12:37:48.914Z] [70] https://es.wallapop.com/item/4-funko-pops-john-wick-groot-chewbacca-joker-1254615711 ┬╖ 10тВм тЖТ 24.9тВм ┬╖ +9.88тВм
[2026-04-23T12:58:59.614Z] [85] https://es.wallapop.com/item/the-witcher-3-wild-hunt-complete-edition-ps5-1255289876 ┬╖ 20тВм тЖТ 0тВм ┬╖ +44.5тВм
[2026-04-23T13:00:36.663Z] [65] https://es.wallapop.com/item/xiaomi-15t-1255291496 ┬╖ 350тВм тЖТ 0тВм ┬╖ +144.5тВм
[2026-04-23T13:00:41.033Z] [80] https://es.wallapop.com/item/iphone-11-pro-max-space-gray-1255291285 ┬╖ 150тВм тЖТ 0тВм ┬╖ +104.5тВм
[2026-04-23T14:01:21.027Z] [65] https://es.wallapop.com/item/ghost-of-tsushima-director-s-cut-ps5-1255312336 ┬╖ 22тВм тЖТ 0тВм ┬╖ +12.45тВм
[2026-04-23T14:07:30.327Z] [70] https://es.wallapop.com/item/pack-3-mandos-dualsense-ps5-1255315737 ┬╖ 120тВм тЖТ 0тВм ┬╖ +254.5тВм
[2026-04-23T15:31:22.887Z] [70] https://es.wallapop.com/item/iphone-13-pro-256gb-gris-bateria-100-1255345150 ┬╖ 340тВм тЖТ 0тВм ┬╖ +204.5тВм
[2026-04-23T16:32:24.944Z] [70] https://es.wallapop.com/item/pantalla-original-iphone-13-mini-1255366402 ┬╖ 30тВм тЖТ 0тВм ┬╖ +84.5тВм
[2026-04-23T16:46:24.927Z] [70] https://es.wallapop.com/item/iphone-11-negro-74-bateria-1255370888 ┬╖ 150тВм тЖТ 0тВм ┬╖ +119.5тВм
[2026-04-23T17:01:46.658Z] [70] https://es.wallapop.com/item/mando-xbox-series-controller-1255378642 ┬╖ 30тВм тЖТ 0тВм ┬╖ +54.5тВм
[2026-04-23T17:01:57.669Z] [75] https://es.wallapop.com/item/piezas-iphone-apple-1255378239 ┬╖ 35тВм тЖТ 0тВм ┬╖ +69.5тВм
[2026-04-23T17:32:32.691Z] [65] https://es.wallapop.com/item/apple-watch-series-10-46mm-gps-negro-1255389165 ┬╖ 199.95тВм тЖТ 0тВм ┬╖ +98.5тВм
[2026-04-23T19:01:40.405Z] [65] https://es.wallapop.com/item/pokemon-let-s-go-eevee-nintendo-switch-1255414668 ┬╖ 27тВм тЖТ 0тВм ┬╖ +17.5тВм
[2026-04-23T19:02:15.931Z] [75] https://es.wallapop.com/item/airpod-pro-1-generacion-derecho-1255416031 ┬╖ 40тВм тЖТ 0тВм ┬╖ +24.5тВм
[2026-04-23T21:01:25.718Z] [75] https://es.wallapop.com/item/nintendo-switch-para-reparar-o-piezas-1255442548 ┬╖ 40тВм тЖТ 0тВм ┬╖ +24.5тВм
[2026-04-23T22:16:28.121Z] [75] https://es.wallapop.com/item/iphone-15-pro-max-256gb-100-1255455079 ┬╖ 640тВм тЖТ 0тВм ┬╖ +454.5тВм
[2026-04-23T22:31:14.425Z] [70] https://es.wallapop.com/item/iphone-15-pro-max-256gb-1255456750 ┬╖ 350тВм тЖТ 0тВм ┬╖ +744.5тВм
[2026-04-23T22:58:31.075Z] [75] https://es.wallapop.com/item/iphone-11-pro-plata-1255458971 ┬╖ 120тВм тЖТ 0тВм ┬╖ +74.5тВм
[2026-04-24T00:46:21.670Z] [80] https://es.wallapop.com/item/apple-iphone-15-pro-max-256gb-1255469982 ┬╖ 715тВм тЖТ 0тВм ┬╖ +529.5тВм
[2026-04-24T01:01:55.729Z] [75] https://es.wallapop.com/item/bateria-iphone-13-capacidad-88-1255470559 ┬╖ 50тВм тЖТ 0тВм ┬╖ +44.5тВм
[2026-04-24T01:11:32.744Z] [70] https://es.wallapop.com/item/apple-iphone-13-pro-512gb-1255474880 ┬╖ 409тВм тЖТ 0тВм ┬╖ +385.5тВм
[2026-04-24T08:00:53.991Z] [75] https://es.wallapop.com/item/pokemon-heroes-ascendentes-mega-lucario-collection-1255509833 ┬╖ 30тВм тЖТ 0тВм ┬╖ +34.5тВм
[2026-04-24T11:17:10.625Z] [65] https://es.wallapop.com/item/iphone-11-pro-space-gray-como-nuevo-1255583883 ┬╖ 180тВм тЖТ 0тВм ┬╖ +84.5тВм
[2026-04-24T11:17:32.685Z] [70] https://es.wallapop.com/item/iphone-14-azul-128gb-bateria-100-1255582809 ┬╖ 340тВм тЖТ 0тВм ┬╖ +333.5тВм
[2026-04-24T11:31:40.786Z] [75] https://es.wallapop.com/item/iphone-11-256gb-negro-bateria-100-1255586349 ┬╖ 259тВм тЖТ 0тВм ┬╖ +335.5тВм
[2026-04-24T13:01:44.966Z] [65] https://es.wallapop.com/item/iphone-14-pro-256gb-negro-100-bateria-1255617762 ┬╖ 519тВм тЖТ 0тВм ┬╖ +265.5тВм
